<?xml version="1.0" encoding="UTF-8"?>
<testsuite name="farfetch.ToogleRepositoryTests" tests="2" skipped="0" failures="0" errors="0" timestamp="2017-12-15T02:18:10" hostname="CPX-DH5WBKGGJUF" time="0.136">
  <properties/>
  <testcase name="findsById" classname="farfetch.ToogleRepositoryTests" time="0.12"/>
  <testcase name="findsByExample" classname="farfetch.ToogleRepositoryTests" time="0.015"/>
  <system-out><![CDATA[2017-12-15 00:18:07.955  INFO 20364 --- [    Test worker] .b.t.c.SpringBootTestContextBootstrapper : Neither @ContextConfiguration nor @ContextHierarchy found for test class [farfetch.ToogleRepositoryTests], using SpringBootContextLoader
2017-12-15 00:18:07.956  INFO 20364 --- [    Test worker] o.s.t.c.support.AbstractContextLoader    : Could not detect default resource locations for test class [farfetch.ToogleRepositoryTests]: no resource found for suffixes {-context.xml, Context.groovy}.
2017-12-15 00:18:07.956  INFO 20364 --- [    Test worker] t.c.s.AnnotationConfigContextLoaderUtils : Could not detect default configuration classes for test class [farfetch.ToogleRepositoryTests]: ToogleRepositoryTests does not declare any static, non-private, non-final, nested classes annotated with @Configuration.
2017-12-15 00:18:07.964  INFO 20364 --- [    Test worker] .b.t.c.SpringBootTestContextBootstrapper : Found @SpringBootConfiguration farfetch.Application for test class farfetch.ToogleRepositoryTests
2017-12-15 00:18:07.967  INFO 20364 --- [    Test worker] .b.t.c.SpringBootTestContextBootstrapper : Loaded default TestExecutionListener class names from location [META-INF/spring.factories]: [org.springframework.boot.test.mock.mockito.MockitoTestExecutionListener, org.springframework.boot.test.mock.mockito.ResetMocksTestExecutionListener, org.springframework.boot.test.autoconfigure.restdocs.RestDocsTestExecutionListener, org.springframework.boot.test.autoconfigure.web.client.MockRestServiceServerResetTestExecutionListener, org.springframework.boot.test.autoconfigure.web.servlet.MockMvcPrintOnlyOnFailureTestExecutionListener, org.springframework.boot.test.autoconfigure.web.servlet.WebDriverTestExecutionListener, org.springframework.test.context.web.ServletTestExecutionListener, org.springframework.test.context.support.DirtiesContextBeforeModesTestExecutionListener, org.springframework.test.context.support.DependencyInjectionTestExecutionListener, org.springframework.test.context.support.DirtiesContextTestExecutionListener, org.springframework.test.context.transaction.TransactionalTestExecutionListener, org.springframework.test.context.jdbc.SqlScriptsTestExecutionListener]
2017-12-15 00:18:07.971  INFO 20364 --- [    Test worker] .b.t.c.SpringBootTestContextBootstrapper : Using TestExecutionListeners: [org.springframework.test.context.web.ServletTestExecutionListener@77d0d7e9, org.springframework.test.context.support.DirtiesContextBeforeModesTestExecutionListener@2f741ec2, org.springframework.boot.test.autoconfigure.SpringBootDependencyInjectionTestExecutionListener@2380c05d, org.springframework.test.context.support.DirtiesContextTestExecutionListener@60ff2215, org.springframework.test.context.transaction.TransactionalTestExecutionListener@11e1ce7c, org.springframework.test.context.jdbc.SqlScriptsTestExecutionListener@1e6c508c, org.springframework.boot.test.autoconfigure.web.servlet.WebDriverTestExecutionListener@3bcbe934, org.springframework.boot.test.mock.mockito.ResetMocksTestExecutionListener@223d9bd2, org.springframework.boot.test.autoconfigure.web.servlet.MockMvcPrintOnlyOnFailureTestExecutionListener@3d3033c7, org.springframework.boot.test.autoconfigure.web.client.MockRestServiceServerResetTestExecutionListener@4124ecdd, org.springframework.boot.test.mock.mockito.MockitoTestExecutionListener@25423f84, org.springframework.boot.test.autoconfigure.restdocs.RestDocsTestExecutionListener@6befd3f5]

  .   ____          _            __ _ _
 /\\ / ___'_ __ _ _(_)_ __  __ _ \ \ \ \
( ( )\___ | '_ | '_| | '_ \/ _` | \ \ \ \
 \\/  ___)| |_)| | | | | || (_| |  ) ) ) )
  '  |____| .__|_| |_|_| |_\__, | / / / /
 =========|_|==============|___/=/_/_/_/
 :: Spring Boot ::        (v1.5.9.RELEASE)

2017-12-15 00:18:08.022  INFO 20364 --- [    Test worker] farfetch.ToogleRepositoryTests           : Starting ToogleRepositoryTests on CPX-DH5WBKGGJUF with PID 20364 (started by paulo.almeida.junior in C:\Users\paulo.almeida.junior\Documents\workspace-sts-3.9.1.RELEASE\farfetch-toogler)
2017-12-15 00:18:08.022  INFO 20364 --- [    Test worker] farfetch.ToogleRepositoryTests           : No active profile set, falling back to default profiles: default
2017-12-15 00:18:08.026  INFO 20364 --- [    Test worker] o.s.w.c.s.GenericWebApplicationContext   : Refreshing org.springframework.web.context.support.GenericWebApplicationContext@1fe3f281: startup date [Fri Dec 15 00:18:08 BRST 2017]; root of context hierarchy
2017-12-15 00:18:09.040  INFO 20364 --- [    Test worker] org.mongodb.driver.cluster               : Cluster created with settings {hosts=[localhost:27017], mode=SINGLE, requiredClusterType=UNKNOWN, serverSelectionTimeout='30000 ms', maxWaitQueueSize=500}
2017-12-15 00:18:09.105  WARN 20364 --- [    Test worker] o.s.d.m.c.m.BasicMongoPersistentProperty : Customizing field name for id property not allowed! Custom name will not be considered!
2017-12-15 00:18:09.186  INFO 20364 --- [localhost:27017] org.mongodb.driver.connection            : Opened connection [connectionId{localValue:3, serverValue:57}] to localhost:27017
2017-12-15 00:18:09.210  INFO 20364 --- [localhost:27017] org.mongodb.driver.cluster               : Monitor thread successfully connected to server with description ServerDescription{address=localhost:27017, type=STANDALONE, state=CONNECTED, ok=true, version=ServerVersion{versionList=[3, 6, 0]}, minWireVersion=0, maxWireVersion=6, maxDocumentSize=16777216, roundTripTimeNanos=22629333}
2017-12-15 00:18:09.484  INFO 20364 --- [    Test worker] s.w.s.m.m.a.RequestMappingHandlerMapping : Mapped "{[/toogle/createToogle]}" onto public farfetch.model.Toogle farfetch.controller.FarfetchController.createToogle(java.lang.String,boolean)
2017-12-15 00:18:09.485  INFO 20364 --- [    Test worker] s.w.s.m.m.a.RequestMappingHandlerMapping : Mapped "{[/toogle/createToogleAdmin]}" onto public farfetch.model.Toogle farfetch.controller.FarfetchController.createToogleAdmin(java.lang.String,boolean,java.lang.String)
2017-12-15 00:18:09.486  INFO 20364 --- [    Test worker] s.w.s.m.m.a.RequestMappingHandlerMapping : Mapped "{[/toogle/getToogleByAdmin]}" onto public farfetch.model.Toogle farfetch.controller.FarfetchController.getToogleByAdmin(java.lang.String,java.lang.String)
2017-12-15 00:18:09.491  INFO 20364 --- [    Test worker] s.w.s.m.m.a.RequestMappingHandlerMapping : Mapped "{[/toogle/getToogle]}" onto public farfetch.model.Toogle farfetch.controller.FarfetchController.getToogle(java.lang.String)
2017-12-15 00:18:09.496  INFO 20364 --- [    Test worker] s.w.s.m.m.a.RequestMappingHandlerMapping : Mapped "{[/swagger-resources]}" onto public org.springframework.http.ResponseEntity<java.util.List<springfox.documentation.swagger.web.SwaggerResource>> springfox.documentation.swagger.web.ApiResourceController.swaggerResources()
2017-12-15 00:18:09.496  INFO 20364 --- [    Test worker] s.w.s.m.m.a.RequestMappingHandlerMapping : Mapped "{[/swagger-resources/configuration/ui]}" onto public org.springframework.http.ResponseEntity<springfox.documentation.swagger.web.UiConfiguration> springfox.documentation.swagger.web.ApiResourceController.uiConfiguration()
2017-12-15 00:18:09.497  INFO 20364 --- [    Test worker] s.w.s.m.m.a.RequestMappingHandlerMapping : Mapped "{[/swagger-resources/configuration/security]}" onto public org.springframework.http.ResponseEntity<springfox.documentation.swagger.web.SecurityConfiguration> springfox.documentation.swagger.web.ApiResourceController.securityConfiguration()
2017-12-15 00:18:09.692  INFO 20364 --- [    Test worker] pertySourcedRequestMappingHandlerMapping : Mapped URL path [/v2/api-docs] onto method [public org.springframework.http.ResponseEntity<springfox.documentation.spring.web.json.Json> springfox.documentation.swagger2.web.Swagger2Controller.getDocumentation(java.lang.String,javax.servlet.http.HttpServletRequest)]
2017-12-15 00:18:10.017  INFO 20364 --- [    Test worker] s.w.s.m.m.a.RequestMappingHandlerAdapter : Looking for @ControllerAdvice: org.springframework.web.context.support.GenericWebApplicationContext@1fe3f281: startup date [Fri Dec 15 00:18:08 BRST 2017]; root of context hierarchy
2017-12-15 00:18:10.063  INFO 20364 --- [    Test worker] o.s.w.s.handler.SimpleUrlHandlerMapping  : Mapped URL path [/webjars/**] onto handler of type [class org.springframework.web.servlet.resource.ResourceHttpRequestHandler]
2017-12-15 00:18:10.063  INFO 20364 --- [    Test worker] o.s.w.s.handler.SimpleUrlHandlerMapping  : Mapped URL path [/**] onto handler of type [class org.springframework.web.servlet.resource.ResourceHttpRequestHandler]
2017-12-15 00:18:10.116  INFO 20364 --- [    Test worker] o.s.w.s.handler.SimpleUrlHandlerMapping  : Mapped URL path [/**/favicon.ico] onto handler of type [class org.springframework.web.servlet.resource.ResourceHttpRequestHandler]
2017-12-15 00:18:10.374  INFO 20364 --- [    Test worker] o.s.c.support.DefaultLifecycleProcessor  : Starting beans in phase 2147483647
2017-12-15 00:18:10.374  INFO 20364 --- [    Test worker] d.s.w.p.DocumentationPluginsBootstrapper : Context refreshed
2017-12-15 00:18:10.377  INFO 20364 --- [    Test worker] d.s.w.p.DocumentationPluginsBootstrapper : Found 1 custom documentation plugin(s)
2017-12-15 00:18:10.391  INFO 20364 --- [    Test worker] s.d.s.w.s.ApiListingReferenceScanner     : Scanning for api listing references
2017-12-15 00:18:10.622  INFO 20364 --- [    Test worker] farfetch.ToogleRepositoryTests           : Started ToogleRepositoryTests in 2.643 seconds (JVM running for 21.06)
2017-12-15 00:18:10.652  INFO 20364 --- [    Test worker] org.mongodb.driver.connection            : Opened connection [connectionId{localValue:4, serverValue:58}] to localhost:27017
]]></system-out>
  <system-err><![CDATA[]]></system-err>
</testsuite>
